Flutter crash report.
Please report a bug at https://github.com/flutter/flutter/issues.

## command

flutter run --machine --start-paused -d edge --devtools-server-address http://127.0.0.1:9100/ --target C:\Users\junio\OneDrive\Documentos\ADS\pdm_plotze\projetoP1\p1_projeto\p1_projeto\lib\main.dart

## exception

SocketException: SocketException: O computador remoto recusou a conexão de rede.
 (OS Error: O computador remoto recusou a conexão de rede.
, errno = 1225), address = localhost, port = 58666

```
#0      _NativeSocket.startConnect (dart:io-patch/socket_patch.dart:721:35)
#1      _RawSocket.startConnect (dart:io-patch/socket_patch.dart:1920:26)
#2      RawSocket.startConnect (dart:io-patch/socket_patch.dart:27:23)
#3      Socket._startConnect (dart:io-patch/socket_patch.dart:2144:22)
#4      Socket.startConnect (dart:io/socket.dart:825:21)
#5      _ConnectionTarget.connect (dart:_http/http_impl.dart:2491:20)
#6      _HttpClient._getConnection.connect (dart:_http/http_impl.dart:2930:12)
#7      _HttpClient._getConnection (dart:_http/http_impl.dart:2935:12)
#8      _HttpClient._openUrl (dart:_http/http_impl.dart:2790:12)
#9      _HttpClient.getUrl (dart:_http/http_impl.dart:2632:48)
#10     ChromeConnection.getUrl (package:webkit_inspection_protocol/webkit_inspection_protocol.dart:108:33)
#11     ChromeConnection.getTabs (package:webkit_inspection_protocol/webkit_inspection_protocol.dart:53:26)
#12     ChromeConnection.getTab (package:webkit_inspection_protocol/webkit_inspection_protocol.dart:90:31)
#13     Chromium.close (package:flutter_tools/src/web/chrome.dart:510:53)
#14     ChromiumDevice.stopApp (package:flutter_tools/src/web/web_device.dart:164:20)
#15     ResidentWebRunner._cleanup (package:flutter_tools/src/isolated/resident_web_runner.dart:203:27)
<asynchronous suspension>
#16     ResidentWebRunner.cleanupAtFinish (package:flutter_tools/src/isolated/resident_web_runner.dart:191:5)
<asynchronous suspension>
#17     ResidentRunner.waitForAppToFinish (package:flutter_tools/src/resident_runner.dart:1482:5)
<asynchronous suspension>
#18     RunCommand.runCommand (package:flutter_tools/src/commands/run.dart:788:26)
<asynchronous suspension>
#19     FlutterCommand.run.<anonymous closure> (package:flutter_tools/src/runner/flutter_command.dart:1408:27)
<asynchronous suspension>
#20     AppContext.run.<anonymous closure> (package:flutter_tools/src/base/context.dart:153:19)
<asynchronous suspension>
#21     CommandRunner.runCommand (package:args/command_runner.dart:212:13)
<asynchronous suspension>
#22     FlutterCommandRunner.runCommand.<anonymous closure> (package:flutter_tools/src/runner/flutter_command_runner.dart:420:9)
<asynchronous suspension>
#23     AppContext.run.<anonymous closure> (package:flutter_tools/src/base/context.dart:153:19)
<asynchronous suspension>
#24     FlutterCommandRunner.runCommand (package:flutter_tools/src/runner/flutter_command_runner.dart:364:5)
<asynchronous suspension>
#25     run.<anonymous closure>.<anonymous closure> (package:flutter_tools/runner.dart:130:9)
<asynchronous suspension>
#26     AppContext.run.<anonymous closure> (package:flutter_tools/src/base/context.dart:153:19)
<asynchronous suspension>
#27     main (package:flutter_tools/executable.dart:93:3)
<asynchronous suspension>
```

## flutter doctor

```
[✓] Flutter (Channel stable, 3.24.0, on Microsoft Windows [versÆo 10.0.22631.4317], locale pt-BR)
    • Flutter version 3.24.0 on channel stable at C:\dev\flutter
    • Upstream repository https://github.com/flutter/flutter.git
    • Framework revision 80c2e84975 (3 months ago), 2024-07-30 23:06:49 +0700
    • Engine revision b8800d88be
    • Dart version 3.5.0
    • DevTools version 2.37.2

[✓] Windows Version (Installed version of Windows is version 10 or higher)

[✗] Android toolchain - develop for Android devices
    ✗ Unable to locate Android SDK.
      Install Android Studio from: https://developer.android.com/studio/index.html
      On first launch it will assist you in installing the Android SDK components.
      (or visit https://flutter.dev/to/windows-android-setup for detailed instructions).
      If the Android SDK has been installed to a custom location, please use
      `flutter config --android-sdk` to update to that location.


[✓] Chrome - develop for the web
    • Chrome at C:\Program Files\Google\Chrome\Application\chrome.exe

[!] Android Studio (not installed)
    • Android Studio not found; download from https://developer.android.com/studio/index.html
      (or visit https://flutter.dev/to/windows-android-setup for detailed instructions).

[✓] VS Code (version 1.94.2)
    • VS Code at C:\Users\junio\AppData\Local\Programs\Microsoft VS Code
    • Flutter extension version 3.98.0

[✓] Connected device (2 available)
    • Chrome (web) • chrome • web-javascript • Google Chrome 129.0.6668.100
    • Edge (web)   • edge   • web-javascript • Microsoft Edge 129.0.2792.89

[✓] Network resources
    • All expected network resources are available.

! Doctor found issues in 2 categories.
```
